<?xml version="1.0" encoding="UTF-8"?>
<testsuite name="com.markuspage.android.atimetracker.TimeRangeTest" tests="4" skipped="0" failures="0" errors="0" timestamp="2019-02-06T15:15:53" hostname="amit-laptop" time="0.022">
  <properties/>
  <testcase name="testGetTotal" classname="com.markuspage.android.atimetracker.TimeRangeTest" time="0.02"/>
  <testcase name="testToString" classname="com.markuspage.android.atimetracker.TimeRangeTest" time="0.001"/>
  <testcase name="testTimeRange" classname="com.markuspage.android.atimetracker.TimeRangeTest" time="0.0"/>
  <testcase name="testSetters" classname="com.markuspage.android.atimetracker.TimeRangeTest" time="0.0"/>
  <system-out><![CDATA[]]></system-out>
  <system-err><![CDATA[]]></system-err>
</testsuite>
